<?xml version="1.0" encoding="UTF-8"?>
<!-- Generated by org.testng.reporters.JUnitReportReporter -->
<testsuite hostname="LTIN291828" failures="0" tests="2" name="test3.test3" time="4.035" errors="0" timestamp="2023-10-16T14:54:23 IST" skipped="0">
  <testcase classname="test3.test3" name="postRequest" time="2.289"/>
  <testcase classname="test3.test3" name="Second" time="1.746"/>
</testsuite> <!-- test3.test3 -->
