<?xml version="1.0" encoding="UTF-8"?>
<!-- Generated by org.testng.reporters.JUnitReportReporter -->
<testsuite hostname="LTIN364357" failures="0" tests="2" name="test22.test22.cariyi" time="4.426" errors="0" timestamp="2023-09-15T06:09:23 IST" skipped="0">
  <testcase classname="test22.test22.cariyi" name="postRequest" time="2.466"/>
  <testcase classname="test22.test22.cariyi" name="Second" time="1.960"/>
</testsuite> <!-- test22.test22.cariyi -->
